This file contains any messages produced by compilers while
running configure, to aid debugging if configure makes a mistake.

It was created by VM configure 8.1.93a, which was
generated by GNU Autoconf 2.65.  Invocation command line was

  $ ./configure --with-emacs=emacs23

## --------- ##
## Platform. ##
## --------- ##

hostname = maruti
uname -m = i686
uname -r = 1.7.5(0.225/5/3)
uname -s = CYGWIN_NT-5.1
uname -v = 2010-04-12 19:07

/usr/bin/uname -p = unknown
/bin/uname -X     = unknown

/bin/arch              = i686
/usr/bin/arch -k       = unknown
/usr/convex/getsysinfo = unknown
/usr/bin/hostinfo      = unknown
/bin/machine           = unknown
/usr/bin/oslevel       = unknown
/bin/universe          = unknown

PATH: .
PATH: /cygdrive/d/Home/udr/bin
PATH: /usr/local/bin
PATH: /usr/bin
PATH: /usr/bin
PATH: /cygdrive/d/Home/udr/bin
PATH: /cygdrive/d/gnu/emacs-23.2/bin/
PATH: /cygdrive/c/Program Files/MiKTeX 2.8/miktex/bin
PATH: /cygdrive/c/Program Files/Gnuwin32/bin
PATH: /cygdrive/c/Program Files/ImageMagick-6.5.9-Q16
PATH: /cygdrive/c/WINDOWS/system32
PATH: /cygdrive/c/WINDOWS
PATH: /cygdrive/c/WINDOWS/System32/Wbem
PATH: /cygdrive/c/Program Files/QuickTime/QTSystem/
PATH: "C
PATH: /Program Files/Hummingbird/Connectivity/7.00/Accessories/"
PATH: /cygdrive/c/Program Files/Bazaar
PATH: /usr/local/bin
PATH: /cygdrive/c/Documents and Settings/udr/Application Data/MiKTeX/2.8/miktex/bin/
PATH: /usr/bin
PATH: /X11R6/bin
PATH: /cygdrive/c/Program Files/SSH Communications Security/SSH Secure Shell
PATH: /usr/lib/lapack


## ----------- ##
## Core tests. ##
## ----------- ##

configure:1698: checking whether make sets $(MAKE)
configure:1720: result: yes
configure:1766: checking for a BSD-compatible install
configure:1834: result: /usr/bin/install -c
configure:1845: checking whether ln -s works
configure:1849: result: yes
configure:1858: checking for rm
configure:1876: found /usr/bin/rm
configure:1889: result: /usr/bin/rm
configure:1899: checking for ls
configure:1917: found /usr/bin/ls
configure:1930: result: /usr/bin/ls
configure:1940: checking for mkdir
configure:1958: found /usr/bin/mkdir
configure:1971: result: /usr/bin/mkdir
configure:1981: checking for grep
configure:1999: found /usr/bin/grep
configure:2012: result: /usr/bin/grep
configure:2024: checking for xargs
configure:2040: found /usr/bin/xargs
configure:2051: result: xargs
configure:2069: checking for gtar
configure:2099: result: no
configure:2069: checking for tar
configure:2085: found /usr/bin/tar
configure:2096: result: tar
configure:2108: checking that tar is GNU tar
configure:2115: result: yes
configure:2127: checking for makeinfo
configure:2143: found /usr/bin/makeinfo
configure:2154: result: makeinfo
configure:2170: checking for texi2dvi
configure:2186: found /usr/bin/texi2dvi
configure:2197: result: texi2dvi
configure:2265: checking checking emacs-type of emacs23
configure:2271: result: emacs
configure:2274: checking checking emacs-version of emacs23
configure:2285: result: 23
configure:2295: checking where .elc files should go
configure:2321: result: $(prefix)/share/emacs/site-lisp/vm
configure:2331: checking where pixmaps should go
configure:2336: result: $(prefix)/share/vm
configure:2351: checking which options to pass on to (X)Emacs
configure:2362: result: -batch -q -no-site-file -no-init-file -l $(srcdir)/vm-build.el
configure:2367: checking where the TeXinfo docs should go
configure:2378: result: ${datarootdir}/info
configure:2394: checking otherdirs
configure:2409: result: nil
configure:2594: creating ./config.status

## ---------------------- ##
## Running config.status. ##
## ---------------------- ##

This file was extended by VM config.status 8.1.93a, which was
generated by GNU Autoconf 2.65.  Invocation command line was

  CONFIG_FILES    = 
  CONFIG_HEADERS  = 
  CONFIG_LINKS    = 
  CONFIG_COMMANDS = 
  $ ./config.status 

on maruti

config.status:745: creating Makefile
config.status:745: creating lisp/Makefile
config.status:745: creating info/Makefile
config.status:745: creating src/Makefile
config.status:745: creating pixmaps/Makefile
config.status:745: creating vm-load.el

## ---------------- ##
## Cache variables. ##
## ---------------- ##

ac_cv_env_build_alias_set=
ac_cv_env_build_alias_value=
ac_cv_env_host_alias_set=
ac_cv_env_host_alias_value=
ac_cv_env_target_alias_set=
ac_cv_env_target_alias_value=
ac_cv_path_GREP=/usr/bin/grep
ac_cv_path_LS=/usr/bin/ls
ac_cv_path_MKDIR=/usr/bin/mkdir
ac_cv_path_RM=/usr/bin/rm
ac_cv_path_install='/usr/bin/install -c'
ac_cv_prog_MAKEINFO=makeinfo
ac_cv_prog_TAR=tar
ac_cv_prog_TEXI2DVI=texi2dvi
ac_cv_prog_XARGS=xargs
ac_cv_prog_make_make_set=yes

## ----------------- ##
## Output variables. ##
## ----------------- ##

DEFS='-DPACKAGE_NAME=\"VM\" -DPACKAGE_TARNAME=\"vm\" -DPACKAGE_VERSION=\"8.1.93a\" -DPACKAGE_STRING=\"VM\ 8.1.93a\" -DPACKAGE_BUGREPORT=\"vm@lists.launchpad.net\" -DPACKAGE_URL=\"\"'
ECHO_C=''
ECHO_N='-n'
ECHO_T=''
EMACS_FLAVOR='emacs'
EMACS_PROG='emacs23'
EMACS_VERSION='23'
FLAGS='-batch -q -no-site-file -no-init-file -l $(srcdir)/vm-build.el'
GREP='/usr/bin/grep'
INSTALL_DATA='${INSTALL} -m 644'
INSTALL_PROGRAM='${INSTALL}'
INSTALL_SCRIPT='${INSTALL}'
LIBOBJS=''
LIBS=''
LINKPATH=''
LN_S='ln -s'
LS='/usr/bin/ls'
LTLIBOBJS=''
MAKEINFO='makeinfo'
MKDIR='/usr/bin/mkdir'
OTHERDIRS='nil'
PACKAGEDIR=''
PACKAGE_BUGREPORT='vm@lists.launchpad.net'
PACKAGE_NAME='VM'
PACKAGE_STRING='VM 8.1.93a'
PACKAGE_TARNAME='vm'
PACKAGE_URL=''
PACKAGE_VERSION='8.1.93a'
PATH_SEPARATOR=':'
RM='/usr/bin/rm'
SET_MAKE=''
SHELL='/bin/sh'
SYMLINKS='no'
TAR='tar'
TEXI2DVI='texi2dvi'
XARGS='xargs'
bindir='${exec_prefix}/bin'
build_alias=''
datadir='$(prefix)/share'
datarootdir='${prefix}/share'
docdir='${datarootdir}/doc/${PACKAGE_TARNAME}'
dvidir='${docdir}'
exec_prefix='${prefix}'
host_alias=''
htmldir='${docdir}'
includedir='${prefix}/include'
info_dir='${datarootdir}/info'
infodir='${datarootdir}/info'
libdir='${exec_prefix}/lib'
libexecdir='${exec_prefix}/libexec'
lispdir='$(prefix)/share/emacs/site-lisp/vm'
localedir='${datarootdir}/locale'
localstatedir='${prefix}/var'
mandir='${datarootdir}/man'
oldincludedir='/usr/include'
pdfdir='${docdir}'
pixmapdir='$(prefix)/share/vm'
prefix='/usr/local'
program_transform_name='s,x,x,'
psdir='${docdir}'
sbindir='${exec_prefix}/sbin'
sharedstatedir='${prefix}/com'
sysconfdir='${prefix}/etc'
target_alias=''

## ----------- ##
## confdefs.h. ##
## ----------- ##

/* confdefs.h */
#define PACKAGE_NAME "VM"
#define PACKAGE_TARNAME "vm"
#define PACKAGE_VERSION "8.1.93a"
#define PACKAGE_STRING "VM 8.1.93a"
#define PACKAGE_BUGREPORT "vm@lists.launchpad.net"
#define PACKAGE_URL ""

configure: exit 0
